# JRE version: OpenJDK Runtime Environment Temurin-21.0.12.1+1 (21.0.12.1+1) (build 21.0.12.1+1-LTS)
# Java VM: OpenJDK 64-Bit Server VM Temurin-21.0.12.1+1 (21.0.12.1+1-LTS, mixed mode, sharing, tiered, compressed oops, compressed class ptrs, parallel gc, windows-amd64)
GC Precious Log:
 CardTable entry size: 512
 CPUs: 8 total, 8 available
 Memory: 7965M
 Large Page Support: Disabled
 NUMA Support: Disabled
 Compressed Oops: Enabled (32-bit)
 Alignments: Space 512K, Generation 512K, Heap 2M
 Heap Min Capacity: 100M
 Heap Initial Capacity: 100M
 Heap Max Capacity: 2G
 Pre-touch: Disabled
 Parallel Workers: 8
Heap:
 PSYoungGen      total 12800K, used 2618K [0x00000000d5580000, 0x00000000d6680000, 0x0000000100000000)
  eden space 11264K, 13% used [0x00000000d5580000,0x00000000d56eebf8,0x00000000d6080000)
  from space 1536K, 75% used [0x00000000d6100000,0x00000000d6220000,0x00000000d6280000)
  to   space 2560K, 0% used [0x00000000d6400000,0x00000000d6400000,0x00000000d6680000)
 ParOldGen       total 116224K, used 115761K [0x0000000080000000, 0x0000000087180000, 0x00000000d5580000)
  object space 116224K, 99% used [0x0000000080000000,0x000000008710c408,0x0000000087180000)
 Metaspace       used 77250K, committed 78720K, reserved 1179648K
  class space    used 8737K, committed 9408K, reserved 1048576K
GC Heap History (20 events):
Event: 57.538 GC heap before
{Heap before GC invocations=181 (full 3):
 PSYoungGen      total 12800K, used 12753K [0x00000000d5580000, 0x00000000d6680000, 0x0000000100000000)
  eden space 11264K, 99% used [0x00000000d5580000,0x00000000d607c398,0x00000000d6080000)
  from space 1536K, 97% used [0x00000000d6080000,0x00000000d61f8110,0x00000000d6200000)
  to   space 3072K, 0% used [0x00000000d6380000,0x00000000d6380000,0x00000000d6680000)
 ParOldGen       total 98816K, used 98369K [0x0000000080000000, 0x0000000086080000, 0x00000000d5580000)
  object space 98816K, 99% used [0x0000000080000000,0x0000000086010760,0x0000000086080000)
 Metaspace       used 73965K, committed 75520K, reserved 1179648K
  class space    used 8357K, committed 9088K, reserved 1048576K
}
Event: 57.542 GC heap after
{Heap after GC invocations=181 (full 3):
 PSYoungGen      total 12800K, used 1072K [0x00000000d5580000, 0x00000000d6500000, 0x0000000100000000)
  eden space 11264K, 0% used [0x00000000d5580000,0x00000000d5580000,0x00000000d6080000)
  from space 1536K, 69% used [0x00000000d6380000,0x00000000d648c178,0x00000000d6500000)
  to   space 2048K, 0% used [0x00000000d6100000,0x00000000d6100000,0x00000000d6300000)
 ParOldGen       total 99840K, used 99439K [0x0000000080000000, 0x0000000086180000, 0x00000000d5580000)
  object space 99840K, 99% used [0x0000000080000000,0x000000008611bce0,0x0000000086180000)
 Metaspace       used 73965K, committed 75520K, reserved 1179648K
  class space    used 8357K, committed 9088K, reserved 1048576K
}
Event: 57.936 GC heap before
{Heap before GC invocations=182 (full 3):
 PSYoungGen      total 12800K, used 12297K [0x00000000d5580000, 0x00000000d6500000, 0x0000000100000000)
  eden space 11264K, 99% used [0x00000000d5580000,0x00000000d6076550,0x00000000d6080000)
  from space 1536K, 69% used [0x00000000d6380000,0x00000000d648c178,0x00000000d6500000)
  to   space 2048K, 0% used [0x00000000d6100000,0x00000000d6100000,0x00000000d6300000)
 ParOldGen       total 99840K, used 99439K [0x0000000080000000, 0x0000000086180000, 0x00000000d5580000)
  object space 99840K, 99% used [0x0000000080000000,0x000000008611bce0,0x0000000086180000)
 Metaspace       used 74251K, committed 75776K, reserved 1179648K
  class space    used 8379K, committed 9088K, reserved 1048576K
}
Event: 57.940 GC heap after
{Heap after GC invocations=182 (full 3):
 PSYoungGen      total 13312K, used 2030K [0x00000000d5580000, 0x00000000d6980000, 0x0000000100000000)
  eden space 11264K, 0% used [0x00000000d5580000,0x00000000d5580000,0x00000000d6080000)
  from space 2048K, 99% used [0x00000000d6100000,0x00000000d62fbbc8,0x00000000d6300000)
  to   space 4608K, 0% used [0x00000000d6500000,0x00000000d6500000,0x00000000d6980000)
 ParOldGen       total 101376K, used 101210K [0x0000000080000000, 0x0000000086300000, 0x00000000d5580000)
  object space 101376K, 99% used [0x0000000080000000,0x00000000862d6b60,0x0000000086300000)
 Metaspace       used 74251K, committed 75776K, reserved 1179648K
  class space    used 8379K, committed 9088K, reserved 1048576K
}
Event: 58.187 GC heap before
{Heap before GC invocations=183 (full 3):
 PSYoungGen      total 13312K, used 13294K [0x00000000d5580000, 0x00000000d6980000, 0x0000000100000000)
  eden space 11264K, 100% used [0x00000000d5580000,0x00000000d6080000,0x00000000d6080000)
  from space 2048K, 99% used [0x00000000d6100000,0x00000000d62fbbc8,0x00000000d6300000)
  to   space 4608K, 0% used [0x00000000d6500000,0x00000000d6500000,0x00000000d6980000)
 ParOldGen       total 101376K, used 101210K [0x0000000080000000, 0x0000000086300000, 0x00000000d5580000)
  object space 101376K, 99% used [0x0000000080000000,0x00000000862d6b60,0x0000000086300000)
 Metaspace       used 74253K, committed 75776K, reserved 1179648K
  class space    used 8379K, committed 9088K, reserved 1048576K
}
Event: 58.192 GC heap after
{Heap after GC invocations=183 (full 3):
 PSYoungGen      total 15360K, used 3891K [0x00000000d5580000, 0x00000000d6900000, 0x0000000100000000)
  eden space 11264K, 0% used [0x00000000d5580000,0x00000000d5580000,0x00000000d6080000)
  from space 4096K, 95% used [0x00000000d6500000,0x00000000d68ccd80,0x00000000d6900000)
  to   space 4096K, 0% used [0x00000000d6100000,0x00000000d6100000,0x00000000d6500000)
 ParOldGen       total 103424K, used 103251K [0x0000000080000000, 0x0000000086500000, 0x00000000d5580000)
  object space 103424K, 99% used [0x0000000080000000,0x00000000864d4d00,0x0000000086500000)
 Metaspace       used 74253K, committed 75776K, reserved 1179648K
  class space    used 8379K, committed 9088K, reserved 1048576K
}
Event: 59.532 GC heap before
{Heap before GC invocations=184 (full 3):
 PSYoungGen      total 15360K, used 15155K [0x00000000d5580000, 0x00000000d6900000, 0x0000000100000000)
  eden space 11264K, 100% used [0x00000000d5580000,0x00000000d6080000,0x00000000d6080000)
  from space 4096K, 95% used [0x00000000d6500000,0x00000000d68ccd80,0x00000000d6900000)
  to   space 4096K, 0% used [0x00000000d6100000,0x00000000d6100000,0x00000000d6500000)
 ParOldGen       total 103424K, used 103251K [0x0000000080000000, 0x0000000086500000, 0x00000000d5580000)
  object space 103424K, 99% used [0x0000000080000000,0x00000000864d4d00,0x0000000086500000)
 Metaspace       used 74383K, committed 75904K, reserved 1179648K
  class space    used 8407K, committed 9088K, reserved 1048576K
}
Event: 59.543 GC heap after
{Heap after GC invocations=184 (full 3):
 PSYoungGen      total 14336K, used 2773K [0x00000000d5580000, 0x00000000d6780000, 0x0000000100000000)
  eden space 11264K, 0% used [0x00000000d5580000,0x00000000d5580000,0x00000000d6080000)
  from space 3072K, 90% used [0x00000000d6100000,0x00000000d63b54f8,0x00000000d6400000)
  to   space 3584K, 0% used [0x00000000d6400000,0x00000000d6400000,0x00000000d6780000)
 ParOldGen       total 107520K, used 107021K [0x0000000080000000, 0x0000000086900000, 0x00000000d5580000)
  object space 107520K, 99% used [0x0000000080000000,0x0000000086883778,0x0000000086900000)
 Metaspace       used 74383K, committed 75904K, reserved 1179648K
  class space    used 8407K, committed 9088K, reserved 1048576K
}
Event: 61.411 GC heap before
{Heap before GC invocations=185 (full 3):
 PSYoungGen      total 14336K, used 14037K [0x00000000d5580000, 0x00000000d6780000, 0x0000000100000000)
  eden space 11264K, 100% used [0x00000000d5580000,0x00000000d6080000,0x00000000d6080000)
  from space 3072K, 90% used [0x00000000d6100000,0x00000000d63b54f8,0x00000000d6400000)
  to   space 3584K, 0% used [0x00000000d6400000,0x00000000d6400000,0x00000000d6780000)
 ParOldGen       total 107520K, used 107021K [0x0000000080000000, 0x0000000086900000, 0x00000000d5580000)
  object space 107520K, 99% used [0x0000000080000000,0x0000000086883778,0x0000000086900000)
 Metaspace       used 74672K, committed 76288K, reserved 1179648K
  class space    used 8426K, committed 9152K, reserved 1048576K
}
Event: 61.419 GC heap after
{Heap after GC invocations=185 (full 3):
 PSYoungGen      total 12800K, used 1280K [0x00000000d5580000, 0x00000000d6580000, 0x0000000100000000)
  eden space 11264K, 0% used [0x00000000d5580000,0x00000000d5580000,0x00000000d6080000)
  from space 1536K, 83% used [0x00000000d6400000,0x00000000d6540000,0x00000000d6580000)
  to   space 2048K, 0% used [0x00000000d6180000,0x00000000d6180000,0x00000000d6380000)
 ParOldGen       total 108544K, used 108180K [0x0000000080000000, 0x0000000086a00000, 0x00000000d5580000)
  object space 108544K, 99% used [0x0000000080000000,0x00000000869a51f8,0x0000000086a00000)
 Metaspace       used 74672K, committed 76288K, reserved 1179648K
  class space    used 8426K, committed 9152K, reserved 1048576K
}
Event: 63.110 GC heap before
{Heap before GC invocations=186 (full 3):
 PSYoungGen      total 12800K, used 12544K [0x00000000d5580000, 0x00000000d6580000, 0x0000000100000000)
  eden space 11264K, 100% used [0x00000000d5580000,0x00000000d6080000,0x00000000d6080000)
  from space 1536K, 83% used [0x00000000d6400000,0x00000000d6540000,0x00000000d6580000)
  to   space 2048K, 0% used [0x00000000d6180000,0x00000000d6180000,0x00000000d6380000)
 ParOldGen       total 108544K, used 108180K [0x0000000080000000, 0x0000000086a00000, 0x00000000d5580000)
  object space 108544K, 99% used [0x0000000080000000,0x00000000869a51f8,0x0000000086a00000)
 Metaspace       used 75256K, committed 76864K, reserved 1179648K
  class space    used 8490K, committed 9216K, reserved 1048576K
}
Event: 63.126 GC heap after
{Heap after GC invocations=186 (full 3):
 PSYoungGen      total 13312K, used 1616K [0x00000000d5580000, 0x00000000d6480000, 0x0000000100000000)
  eden space 11264K, 0% used [0x00000000d5580000,0x00000000d5580000,0x00000000d6080000)
  from space 2048K, 78% used [0x00000000d6180000,0x00000000d63141d0,0x00000000d6380000)
  to   space 1024K, 0% used [0x00000000d6380000,0x00000000d6380000,0x00000000d6480000)
 ParOldGen       total 109568K, used 109321K [0x0000000080000000, 0x0000000086b00000, 0x00000000d5580000)
  object space 109568K, 99% used [0x0000000080000000,0x0000000086ac25e8,0x0000000086b00000)
 Metaspace       used 75256K, committed 76864K, reserved 1179648K
  class space    used 8490K, committed 9216K, reserved 1048576K
}
Event: 67.894 GC heap before
{Heap before GC invocations=187 (full 3):
 PSYoungGen      total 13312K, used 12880K [0x00000000d5580000, 0x00000000d6480000, 0x0000000100000000)
  eden space 11264K, 100% used [0x00000000d5580000,0x00000000d6080000,0x00000000d6080000)
  from space 2048K, 78% used [0x00000000d6180000,0x00000000d63141d0,0x00000000d6380000)
  to   space 1024K, 0% used [0x00000000d6380000,0x00000000d6380000,0x00000000d6480000)
 ParOldGen       total 109568K, used 109321K [0x0000000080000000, 0x0000000086b00000, 0x00000000d5580000)
  object space 109568K, 99% used [0x0000000080000000,0x0000000086ac25e8,0x0000000086b00000)
 Metaspace       used 76656K, committed 78272K, reserved 1179648K
  class space    used 8685K, committed 9408K, reserved 1048576K
}
Event: 67.934 GC heap after
{Heap after GC invocations=187 (full 3):
 PSYoungGen      total 12288K, used 544K [0x00000000d5580000, 0x00000000d6480000, 0x0000000100000000)
  eden space 11264K, 0% used [0x00000000d5580000,0x00000000d5580000,0x00000000d6080000)
  from space 1024K, 53% used [0x00000000d6380000,0x00000000d6408000,0x00000000d6480000)
  to   space 1024K, 0% used [0x00000000d6280000,0x00000000d6280000,0x00000000d6380000)
 ParOldGen       total 110080K, used 109737K [0x0000000080000000, 0x0000000086b80000, 0x00000000d5580000)
  object space 110080K, 99% used [0x0000000080000000,0x0000000086b2a5e8,0x0000000086b80000)
 Metaspace       used 76656K, committed 78272K, reserved 1179648K
  class space    used 8685K, committed 9408K, reserved 1048576K
}
Event: 85.990 GC heap before
{Heap before GC invocations=188 (full 3):
 PSYoungGen      total 12288K, used 11731K [0x00000000d5580000, 0x00000000d6480000, 0x0000000100000000)
  eden space 11264K, 99% used [0x00000000d5580000,0x00000000d606cc50,0x00000000d6080000)
  from space 1024K, 53% used [0x00000000d6380000,0x00000000d6408000,0x00000000d6480000)
  to   space 1024K, 0% used [0x00000000d6280000,0x00000000d6280000,0x00000000d6380000)
 ParOldGen       total 110080K, used 109737K [0x0000000080000000, 0x0000000086b80000, 0x00000000d5580000)
  object space 110080K, 99% used [0x0000000080000000,0x0000000086b2a5e8,0x0000000086b80000)
 Metaspace       used 77133K, committed 78656K, reserved 1179648K
  class space    used 8737K, committed 9408K, reserved 1048576K
}
Event: 85.994 GC heap after
{Heap after GC invocations=188 (full 3):
 PSYoungGen      total 12288K, used 1020K [0x00000000d5580000, 0x00000000d6b80000, 0x0000000100000000)
  eden space 11264K, 0% used [0x00000000d5580000,0x00000000d5580000,0x00000000d6080000)
  from space 1024K, 99% used [0x00000000d6280000,0x00000000d637f068,0x00000000d6380000)
  to   space 5632K, 0% used [0x00000000d6600000,0x00000000d6600000,0x00000000d6b80000)
 ParOldGen       total 113664K, used 113563K [0x0000000080000000, 0x0000000086f00000, 0x00000000d5580000)
  object space 113664K, 99% used [0x0000000080000000,0x0000000086ee6fe0,0x0000000086f00000)
 Metaspace       used 77133K, committed 78656K, reserved 1179648K
  class space    used 8737K, committed 9408K, reserved 1048576K
}
Event: 86.720 GC heap before
{Heap before GC invocations=189 (full 3):
 PSYoungGen      total 12288K, used 12284K [0x00000000d5580000, 0x00000000d6b80000, 0x0000000100000000)
  eden space 11264K, 100% used [0x00000000d5580000,0x00000000d6080000,0x00000000d6080000)
  from space 1024K, 99% used [0x00000000d6280000,0x00000000d637f068,0x00000000d6380000)
  to   space 5632K, 0% used [0x00000000d6600000,0x00000000d6600000,0x00000000d6b80000)
 ParOldGen       total 113664K, used 113563K [0x0000000080000000, 0x0000000086f00000, 0x00000000d5580000)
  object space 113664K, 99% used [0x0000000080000000,0x0000000086ee6fe0,0x0000000086f00000)
 Metaspace       used 77175K, committed 78720K, reserved 1179648K
  class space    used 8737K, committed 9408K, reserved 1048576K
}
Event: 86.726 GC heap after
{Heap after GC invocations=189 (full 3):
 PSYoungGen      total 16384K, used 4696K [0x00000000d5580000, 0x00000000d6b00000, 0x0000000100000000)
  eden space 11264K, 0% used [0x00000000d5580000,0x00000000d5580000,0x00000000d6080000)
  from space 5120K, 91% used [0x00000000d6600000,0x00000000d6a96298,0x00000000d6b00000)
  to   space 5120K, 0% used [0x00000000d6100000,0x00000000d6100000,0x00000000d6600000)
 ParOldGen       total 114688K, used 114580K [0x0000000080000000, 0x0000000087000000, 0x00000000d5580000)
  object space 114688K, 99% used [0x0000000080000000,0x0000000086fe5210,0x0000000087000000)
 Metaspace       used 77175K, committed 78720K, reserved 1179648K
  class space    used 8737K, committed 9408K, reserved 1048576K
}
Event: 87.481 GC heap before
{Heap before GC invocations=190 (full 3):
 PSYoungGen      total 16384K, used 15960K [0x00000000d5580000, 0x00000000d6b00000, 0x0000000100000000)
  eden space 11264K, 100% used [0x00000000d5580000,0x00000000d6080000,0x00000000d6080000)
  from space 5120K, 91% used [0x00000000d6600000,0x00000000d6a96298,0x00000000d6b00000)
  to   space 5120K, 0% used [0x00000000d6100000,0x00000000d6100000,0x00000000d6600000)
 ParOldGen       total 114688K, used 114580K [0x0000000080000000, 0x0000000087000000, 0x00000000d5580000)
  object space 114688K, 99% used [0x0000000080000000,0x0000000086fe5210,0x0000000087000000)
 Metaspace       used 77248K, committed 78720K, reserved 1179648K
  class space    used 8737K, committed 9408K, reserved 1048576K
}
Event: 87.489 GC heap after
{Heap after GC invocations=190 (full 3):
 PSYoungGen      total 12800K, used 1152K [0x00000000d5580000, 0x00000000d6680000, 0x0000000100000000)
  eden space 11264K, 0% used [0x00000000d5580000,0x00000000d5580000,0x00000000d6080000)
  from space 1536K, 75% used [0x00000000d6100000,0x00000000d6220000,0x00000000d6280000)
  to   space 2560K, 0% used [0x00000000d6400000,0x00000000d6400000,0x00000000d6680000)
 ParOldGen       total 116224K, used 115761K [0x0000000080000000, 0x0000000087180000, 0x00000000d5580000)
  object space 116224K, 99% used [0x0000000080000000,0x000000008710c408,0x0000000087180000)
 Metaspace       used 77248K, committed 78720K, reserved 1179648K
  class space    used 8737K, committed 9408K, reserved 1048576K
}

