# JRE version: OpenJDK Runtime Environment Temurin-21.0.12.1+1 (21.0.12.1+1) (build 21.0.12.1+1-LTS)
# Java VM: OpenJDK 64-Bit Server VM Temurin-21.0.12.1+1 (21.0.12.1+1-LTS, mixed mode, sharing, tiered, compressed oops, compressed class ptrs, parallel gc, windows-amd64)
GC Precious Log:
 CardTable entry size: 512
 CPUs: 8 total, 8 available
 Memory: 7965M
 Large Page Support: Disabled
 NUMA Support: Disabled
 Compressed Oops: Enabled (32-bit)
 Alignments: Space 512K, Generation 512K, Heap 2M
 Heap Min Capacity: 100M
 Heap Initial Capacity: 100M
 Heap Max Capacity: 2G
 Pre-touch: Disabled
 Parallel Workers: 8
Heap:
 PSYoungGen      total 3072K, used 1278K [0x00000000d5580000, 0x00000000d5980000, 0x0000000100000000)
  eden space 2048K, 12% used [0x00000000d5580000,0x00000000d55c0c80,0x00000000d5780000)
  from space 1024K, 99% used [0x00000000d5880000,0x00000000d597ef38,0x00000000d5980000)
  to   space 1024K, 0% used [0x00000000d5780000,0x00000000d5780000,0x00000000d5880000)
 ParOldGen       total 246784K, used 177288K [0x0000000080000000, 0x000000008f100000, 0x00000000d5580000)
  object space 246784K, 71% used [0x0000000080000000,0x000000008ad22118,0x000000008f100000)
 Metaspace       used 62811K, committed 64320K, reserved 1114112K
  class space    used 7190K, committed 7872K, reserved 1048576K
GC Heap History (20 events):
Event: 57.360 GC heap before
{Heap before GC invocations=585 (full 3):
 PSYoungGen      total 3072K, used 3067K [0x00000000d5580000, 0x00000000d5b80000, 0x0000000100000000)
  eden space 2048K, 100% used [0x00000000d5580000,0x00000000d5780000,0x00000000d5780000)
  from space 1024K, 99% used [0x00000000d5780000,0x00000000d587ef38,0x00000000d5880000)
  to   space 2048K, 0% used [0x00000000d5980000,0x00000000d5980000,0x00000000d5b80000)
 ParOldGen       total 246784K, used 173594K [0x0000000080000000, 0x000000008f100000, 0x00000000d5580000)
  object space 246784K, 70% used [0x0000000080000000,0x000000008a986a20,0x000000008f100000)
 Metaspace       used 62753K, committed 64256K, reserved 1114112K
  class space    used 7187K, committed 7872K, reserved 1048576K
}
Event: 57.362 GC heap after
{Heap after GC invocations=585 (full 3):
 PSYoungGen      total 2560K, used 224K [0x00000000d5580000, 0x00000000d5a00000, 0x0000000100000000)
  eden space 2048K, 0% used [0x00000000d5580000,0x00000000d5580000,0x00000000d5780000)
  from space 512K, 43% used [0x00000000d5980000,0x00000000d59b8000,0x00000000d5a00000)
  to   space 1024K, 0% used [0x00000000d5800000,0x00000000d5800000,0x00000000d5900000)
 ParOldGen       total 246784K, used 173650K [0x0000000080000000, 0x000000008f100000, 0x00000000d5580000)
  object space 246784K, 70% used [0x0000000080000000,0x000000008a994a20,0x000000008f100000)
 Metaspace       used 62753K, committed 64256K, reserved 1114112K
  class space    used 7187K, committed 7872K, reserved 1048576K
}
Event: 57.386 GC heap before
{Heap before GC invocations=586 (full 3):
 PSYoungGen      total 2560K, used 2272K [0x00000000d5580000, 0x00000000d5a00000, 0x0000000100000000)
  eden space 2048K, 100% used [0x00000000d5580000,0x00000000d5780000,0x00000000d5780000)
  from space 512K, 43% used [0x00000000d5980000,0x00000000d59b8000,0x00000000d5a00000)
  to   space 1024K, 0% used [0x00000000d5800000,0x00000000d5800000,0x00000000d5900000)
 ParOldGen       total 246784K, used 173650K [0x0000000080000000, 0x000000008f100000, 0x00000000d5580000)
  object space 246784K, 70% used [0x0000000080000000,0x000000008a994a20,0x000000008f100000)
 Metaspace       used 62758K, committed 64256K, reserved 1114112K
  class space    used 7187K, committed 7872K, reserved 1048576K
}
Event: 57.389 GC heap after
{Heap after GC invocations=586 (full 3):
 PSYoungGen      total 3072K, used 861K [0x00000000d5580000, 0x00000000d5a00000, 0x0000000100000000)
  eden space 2048K, 0% used [0x00000000d5580000,0x00000000d5580000,0x00000000d5780000)
  from space 1024K, 84% used [0x00000000d5800000,0x00000000d58d7698,0x00000000d5900000)
  to   space 1024K, 0% used [0x00000000d5900000,0x00000000d5900000,0x00000000d5a00000)
 ParOldGen       total 246784K, used 173730K [0x0000000080000000, 0x000000008f100000, 0x00000000d5580000)
  object space 246784K, 70% used [0x0000000080000000,0x000000008a9a8a20,0x000000008f100000)
 Metaspace       used 62758K, committed 64256K, reserved 1114112K
  class space    used 7187K, committed 7872K, reserved 1048576K
}
Event: 57.406 GC heap before
{Heap before GC invocations=587 (full 3):
 PSYoungGen      total 3072K, used 2909K [0x00000000d5580000, 0x00000000d5a00000, 0x0000000100000000)
  eden space 2048K, 100% used [0x00000000d5580000,0x00000000d5780000,0x00000000d5780000)
  from space 1024K, 84% used [0x00000000d5800000,0x00000000d58d7698,0x00000000d5900000)
  to   space 1024K, 0% used [0x00000000d5900000,0x00000000d5900000,0x00000000d5a00000)
 ParOldGen       total 246784K, used 173730K [0x0000000080000000, 0x000000008f100000, 0x00000000d5580000)
  object space 246784K, 70% used [0x0000000080000000,0x000000008a9a8a20,0x000000008f100000)
 Metaspace       used 62764K, committed 64256K, reserved 1114112K
  class space    used 7187K, committed 7872K, reserved 1048576K
}
Event: 57.408 GC heap after
{Heap after GC invocations=587 (full 3):
 PSYoungGen      total 2560K, used 256K [0x00000000d5580000, 0x00000000d5980000, 0x0000000100000000)
  eden space 2048K, 0% used [0x00000000d5580000,0x00000000d5580000,0x00000000d5780000)
  from space 512K, 50% used [0x00000000d5900000,0x00000000d5940000,0x00000000d5980000)
  to   space 512K, 0% used [0x00000000d5880000,0x00000000d5880000,0x00000000d5900000)
 ParOldGen       total 246784K, used 173906K [0x0000000080000000, 0x000000008f100000, 0x00000000d5580000)
  object space 246784K, 70% used [0x0000000080000000,0x000000008a9d4a30,0x000000008f100000)
 Metaspace       used 62764K, committed 64256K, reserved 1114112K
  class space    used 7187K, committed 7872K, reserved 1048576K
}
Event: 57.423 GC heap before
{Heap before GC invocations=588 (full 3):
 PSYoungGen      total 2560K, used 2303K [0x00000000d5580000, 0x00000000d5980000, 0x0000000100000000)
  eden space 2048K, 99% used [0x00000000d5580000,0x00000000d577ffa8,0x00000000d5780000)
  from space 512K, 50% used [0x00000000d5900000,0x00000000d5940000,0x00000000d5980000)
  to   space 512K, 0% used [0x00000000d5880000,0x00000000d5880000,0x00000000d5900000)
 ParOldGen       total 246784K, used 173906K [0x0000000080000000, 0x000000008f100000, 0x00000000d5580000)
  object space 246784K, 70% used [0x0000000080000000,0x000000008a9d4a30,0x000000008f100000)
 Metaspace       used 62764K, committed 64256K, reserved 1114112K
  class space    used 7187K, committed 7872K, reserved 1048576K
}
Event: 57.426 GC heap after
{Heap after GC invocations=588 (full 3):
 PSYoungGen      total 2560K, used 288K [0x00000000d5580000, 0x00000000d5980000, 0x0000000100000000)
  eden space 2048K, 0% used [0x00000000d5580000,0x00000000d5580000,0x00000000d5780000)
  from space 512K, 56% used [0x00000000d5880000,0x00000000d58c8020,0x00000000d5900000)
  to   space 512K, 0% used [0x00000000d5900000,0x00000000d5900000,0x00000000d5980000)
 ParOldGen       total 246784K, used 174026K [0x0000000080000000, 0x000000008f100000, 0x00000000d5580000)
  object space 246784K, 70% used [0x0000000080000000,0x000000008a9f2a40,0x000000008f100000)
 Metaspace       used 62764K, committed 64256K, reserved 1114112K
  class space    used 7187K, committed 7872K, reserved 1048576K
}
Event: 57.478 GC heap before
{Heap before GC invocations=589 (full 3):
 PSYoungGen      total 2560K, used 2336K [0x00000000d5580000, 0x00000000d5980000, 0x0000000100000000)
  eden space 2048K, 100% used [0x00000000d5580000,0x00000000d5780000,0x00000000d5780000)
  from space 512K, 56% used [0x00000000d5880000,0x00000000d58c8020,0x00000000d5900000)
  to   space 512K, 0% used [0x00000000d5900000,0x00000000d5900000,0x00000000d5980000)
 ParOldGen       total 246784K, used 174026K [0x0000000080000000, 0x000000008f100000, 0x00000000d5580000)
  object space 246784K, 70% used [0x0000000080000000,0x000000008a9f2a40,0x000000008f100000)
 Metaspace       used 62766K, committed 64256K, reserved 1114112K
  class space    used 7187K, committed 7872K, reserved 1048576K
}
Event: 57.482 GC heap after
{Heap after GC invocations=589 (full 3):
 PSYoungGen      total 2560K, used 495K [0x00000000d5580000, 0x00000000d5980000, 0x0000000100000000)
  eden space 2048K, 0% used [0x00000000d5580000,0x00000000d5580000,0x00000000d5780000)
  from space 512K, 96% used [0x00000000d5900000,0x00000000d597bf20,0x00000000d5980000)
  to   space 1024K, 0% used [0x00000000d5780000,0x00000000d5780000,0x00000000d5880000)
 ParOldGen       total 246784K, used 174282K [0x0000000080000000, 0x000000008f100000, 0x00000000d5580000)
  object space 246784K, 70% used [0x0000000080000000,0x000000008aa32a60,0x000000008f100000)
 Metaspace       used 62766K, committed 64256K, reserved 1114112K
  class space    used 7187K, committed 7872K, reserved 1048576K
}
Event: 57.556 GC heap before
{Heap before GC invocations=590 (full 3):
 PSYoungGen      total 2560K, used 2543K [0x00000000d5580000, 0x00000000d5980000, 0x0000000100000000)
  eden space 2048K, 99% used [0x00000000d5580000,0x00000000d577ffb0,0x00000000d5780000)
  from space 512K, 96% used [0x00000000d5900000,0x00000000d597bf20,0x00000000d5980000)
  to   space 1024K, 0% used [0x00000000d5780000,0x00000000d5780000,0x00000000d5880000)
 ParOldGen       total 246784K, used 174282K [0x0000000080000000, 0x000000008f100000, 0x00000000d5580000)
  object space 246784K, 70% used [0x0000000080000000,0x000000008aa32a60,0x000000008f100000)
 Metaspace       used 62782K, committed 64320K, reserved 1114112K
  class space    used 7188K, committed 7872K, reserved 1048576K
}
Event: 57.560 GC heap after
{Heap after GC invocations=590 (full 3):
 PSYoungGen      total 3072K, used 960K [0x00000000d5580000, 0x00000000d5980000, 0x0000000100000000)
  eden space 2048K, 0% used [0x00000000d5580000,0x00000000d5580000,0x00000000d5780000)
  from space 1024K, 93% used [0x00000000d5780000,0x00000000d5870000,0x00000000d5880000)
  to   space 1024K, 0% used [0x00000000d5880000,0x00000000d5880000,0x00000000d5980000)
 ParOldGen       total 246784K, used 174754K [0x0000000080000000, 0x000000008f100000, 0x00000000d5580000)
  object space 246784K, 70% used [0x0000000080000000,0x000000008aaa8980,0x000000008f100000)
 Metaspace       used 62782K, committed 64320K, reserved 1114112K
  class space    used 7188K, committed 7872K, reserved 1048576K
}
Event: 57.741 GC heap before
{Heap before GC invocations=591 (full 3):
 PSYoungGen      total 3072K, used 3007K [0x00000000d5580000, 0x00000000d5980000, 0x0000000100000000)
  eden space 2048K, 99% used [0x00000000d5580000,0x00000000d577ffc0,0x00000000d5780000)
  from space 1024K, 93% used [0x00000000d5780000,0x00000000d5870000,0x00000000d5880000)
  to   space 1024K, 0% used [0x00000000d5880000,0x00000000d5880000,0x00000000d5980000)
 ParOldGen       total 246784K, used 174754K [0x0000000080000000, 0x000000008f100000, 0x00000000d5580000)
  object space 246784K, 70% used [0x0000000080000000,0x000000008aaa8980,0x000000008f100000)
 Metaspace       used 62792K, committed 64320K, reserved 1114112K
  class space    used 7188K, committed 7872K, reserved 1048576K
}
Event: 57.743 GC heap after
{Heap after GC invocations=591 (full 3):
 PSYoungGen      total 3072K, used 480K [0x00000000d5580000, 0x00000000d5980000, 0x0000000100000000)
  eden space 2048K, 0% used [0x00000000d5580000,0x00000000d5580000,0x00000000d5780000)
  from space 1024K, 46% used [0x00000000d5880000,0x00000000d58f8000,0x00000000d5980000)
  to   space 1024K, 0% used [0x00000000d5780000,0x00000000d5780000,0x00000000d5880000)
 ParOldGen       total 246784K, used 175650K [0x0000000080000000, 0x000000008f100000, 0x00000000d5580000)
  object space 246784K, 71% used [0x0000000080000000,0x000000008ab88980,0x000000008f100000)
 Metaspace       used 62792K, committed 64320K, reserved 1114112K
  class space    used 7188K, committed 7872K, reserved 1048576K
}
Event: 57.770 GC heap before
{Heap before GC invocations=592 (full 3):
 PSYoungGen      total 3072K, used 2527K [0x00000000d5580000, 0x00000000d5980000, 0x0000000100000000)
  eden space 2048K, 99% used [0x00000000d5580000,0x00000000d577fff8,0x00000000d5780000)
  from space 1024K, 46% used [0x00000000d5880000,0x00000000d58f8000,0x00000000d5980000)
  to   space 1024K, 0% used [0x00000000d5780000,0x00000000d5780000,0x00000000d5880000)
 ParOldGen       total 246784K, used 175650K [0x0000000080000000, 0x000000008f100000, 0x00000000d5580000)
  object space 246784K, 71% used [0x0000000080000000,0x000000008ab88980,0x000000008f100000)
 Metaspace       used 62792K, committed 64320K, reserved 1114112K
  class space    used 7188K, committed 7872K, reserved 1048576K
}
Event: 57.772 GC heap after
{Heap after GC invocations=592 (full 3):
 PSYoungGen      total 3072K, used 512K [0x00000000d5580000, 0x00000000d5980000, 0x0000000100000000)
  eden space 2048K, 0% used [0x00000000d5580000,0x00000000d5580000,0x00000000d5780000)
  from space 1024K, 50% used [0x00000000d5780000,0x00000000d5800000,0x00000000d5880000)
  to   space 1024K, 0% used [0x00000000d5880000,0x00000000d5880000,0x00000000d5980000)
 ParOldGen       total 246784K, used 176026K [0x0000000080000000, 0x000000008f100000, 0x00000000d5580000)
  object space 246784K, 71% used [0x0000000080000000,0x000000008abe6990,0x000000008f100000)
 Metaspace       used 62792K, committed 64320K, reserved 1114112K
  class space    used 7188K, committed 7872K, reserved 1048576K
}
Event: 57.815 GC heap before
{Heap before GC invocations=593 (full 3):
 PSYoungGen      total 3072K, used 2560K [0x00000000d5580000, 0x00000000d5980000, 0x0000000100000000)
  eden space 2048K, 100% used [0x00000000d5580000,0x00000000d5780000,0x00000000d5780000)
  from space 1024K, 50% used [0x00000000d5780000,0x00000000d5800000,0x00000000d5880000)
  to   space 1024K, 0% used [0x00000000d5880000,0x00000000d5880000,0x00000000d5980000)
 ParOldGen       total 246784K, used 176026K [0x0000000080000000, 0x000000008f100000, 0x00000000d5580000)
  object space 246784K, 71% used [0x0000000080000000,0x000000008abe6990,0x000000008f100000)
 Metaspace       used 62795K, committed 64320K, reserved 1114112K
  class space    used 7188K, committed 7872K, reserved 1048576K
}
Event: 57.819 GC heap after
{Heap after GC invocations=593 (full 3):
 PSYoungGen      total 3072K, used 800K [0x00000000d5580000, 0x00000000d5980000, 0x0000000100000000)
  eden space 2048K, 0% used [0x00000000d5580000,0x00000000d5580000,0x00000000d5780000)
  from space 1024K, 78% used [0x00000000d5880000,0x00000000d5948000,0x00000000d5980000)
  to   space 1024K, 0% used [0x00000000d5780000,0x00000000d5780000,0x00000000d5880000)
 ParOldGen       total 246784K, used 176382K [0x0000000080000000, 0x000000008f100000, 0x00000000d5580000)
  object space 246784K, 71% used [0x0000000080000000,0x000000008ac3f9c0,0x000000008f100000)
 Metaspace       used 62795K, committed 64320K, reserved 1114112K
  class space    used 7188K, committed 7872K, reserved 1048576K
}
Event: 58.011 GC heap before
{Heap before GC invocations=594 (full 3):
 PSYoungGen      total 3072K, used 2836K [0x00000000d5580000, 0x00000000d5980000, 0x0000000100000000)
  eden space 2048K, 99% used [0x00000000d5580000,0x00000000d577d0b0,0x00000000d5780000)
  from space 1024K, 78% used [0x00000000d5880000,0x00000000d5948000,0x00000000d5980000)
  to   space 1024K, 0% used [0x00000000d5780000,0x00000000d5780000,0x00000000d5880000)
 ParOldGen       total 246784K, used 176382K [0x0000000080000000, 0x000000008f100000, 0x00000000d5580000)
  object space 246784K, 71% used [0x0000000080000000,0x000000008ac3f9c0,0x000000008f100000)
 Metaspace       used 62801K, committed 64320K, reserved 1114112K
  class space    used 7188K, committed 7872K, reserved 1048576K
}
Event: 58.014 GC heap after
{Heap after GC invocations=594 (full 3):
 PSYoungGen      total 3072K, used 832K [0x00000000d5580000, 0x00000000d5980000, 0x0000000100000000)
  eden space 2048K, 0% used [0x00000000d5580000,0x00000000d5580000,0x00000000d5780000)
  from space 1024K, 81% used [0x00000000d5780000,0x00000000d5850210,0x00000000d5880000)
  to   space 1024K, 0% used [0x00000000d5880000,0x00000000d5880000,0x00000000d5980000)
 ParOldGen       total 246784K, used 177080K [0x0000000080000000, 0x000000008f100000, 0x00000000d5580000)
  object space 246784K, 71% used [0x0000000080000000,0x000000008acee0e8,0x000000008f100000)
 Metaspace       used 62801K, committed 64320K, reserved 1114112K
  class space    used 7188K, committed 7872K, reserved 1048576K
}

